<?xml version="1.0" encoding="UTF-8" ?>
<testsuite failures="0" time="0.188" errors="0" skipped="0" tests="0" name="br.ufg.emc.imagehosting.rmi.TCPClientTest">
  <properties>
    <property name="java.runtime.name" value="Java(TM) SE Runtime Environment"/>
    <property name="sun.boot.library.path" value="C:\Arquivos de programas\Java\jre7\bin"/>
    <property name="java.vm.version" value="24.55-b03"/>
    <property name="java.vm.vendor" value="Oracle Corporation"/>
    <property name="java.vendor.url" value="http://java.oracle.com/"/>
    <property name="path.separator" value=";"/>
    <property name="guice.disable.misplaced.annotation.check" value="true"/>
    <property name="java.vm.name" value="Java HotSpot(TM) Client VM"/>
    <property name="file.encoding.pkg" value="sun.io"/>
    <property name="user.script" value=""/>
    <property name="user.country" value="BR"/>
    <property name="sun.java.launcher" value="SUN_STANDARD"/>
    <property name="sun.os.patch.level" value="Service Pack 3"/>
    <property name="java.vm.specification.name" value="Java Virtual Machine Specification"/>
    <property name="user.dir" value="C:\Documents and Settings\Danillo\Meus documentos\Dropbox\UFG\workspace_java\projeto-sd-image-hosting-distributed"/>
    <property name="java.runtime.version" value="1.7.0_55-b14"/>
    <property name="java.awt.graphicsenv" value="sun.awt.Win32GraphicsEnvironment"/>
    <property name="java.endorsed.dirs" value="C:\Arquivos de programas\Java\jre7\lib\endorsed"/>
    <property name="os.arch" value="x86"/>
    <property name="java.io.tmpdir" value="C:\DOCUME~1\Danillo\CONFIG~1\Temp\"/>
    <property name="line.separator" value="
"/>
    <property name="java.vm.specification.vendor" value="Oracle Corporation"/>
    <property name="user.variant" value=""/>
    <property name="os.name" value="Windows XP"/>
    <property name="classworlds.conf" value="C:\Documents and Settings\Danillo\Meus documentos\Dropbox\UFG\workspace_java\.metadata\.plugins\org.eclipse.m2e.launching\launches\m2conf2280682993209372674.tmp"/>
    <property name="sun.jnu.encoding" value="Cp1252"/>
    <property name="java.library.path" value="C:\Arquivos de programas\Java\jre7\bin;C:\WINDOWS\Sun\Java\bin;C:\WINDOWS\system32;C:\WINDOWS;C:/Arquivos de programas/Java/jre7/bin/client;C:/Arquivos de programas/Java/jre7/bin;C:/Arquivos de programas/Java/jre7/lib/i386;C:\WINDOWS\system32;C:\WINDOWS;C:\WINDOWS\system32\wbem;c:\arquivos de programas\java\jdk1.6.0_12\bin;c:\arquivos de programas\mysql\mysql server 5.0;C:\C2Cmb\data\dados\bin;C:\Arquivos de programas\MATLAB71\bin\win32;C:\Arquivos de programas\Microchip\MPLAB C32 Suite\bin;C:\Arquivos de programas\Microchip\MPLAB IDE\VDI;C:\ARQUIV~1\PICC;C:\Arquivos de programas\Apache Software Foundation\Tomcat 6.0\bin;C:\OpenSSL-Win32\bin;C:\Arquivos de programas\Internet Explorer;C:\eclipse;;."/>
    <property name="java.specification.name" value="Java Platform API Specification"/>
    <property name="java.class.version" value="51.0"/>
    <property name="sun.management.compiler" value="HotSpot Client Compiler"/>
    <property name="os.version" value="5.1"/>
    <property name="user.home" value="C:\Documents and Settings\Danillo"/>
    <property name="user.timezone" value="America/Sao_Paulo"/>
    <property name="java.awt.printerjob" value="sun.awt.windows.WPrinterJob"/>
    <property name="java.specification.version" value="1.7"/>
    <property name="file.encoding" value="UTF-8"/>
    <property name="user.name" value="Danillo"/>
    <property name="java.class.path" value="/C:/eclipse/configuration/org.eclipse.osgi/bundles/536/1/.cp/jars/plexus-classworlds-2.4.jar"/>
    <property name="java.vm.specification.version" value="1.7"/>
    <property name="sun.arch.data.model" value="32"/>
    <property name="java.home" value="C:\Arquivos de programas\Java\jre7"/>
    <property name="sun.java.command" value="org.codehaus.plexus.classworlds.launcher.Launcher -B install"/>
    <property name="java.specification.vendor" value="Oracle Corporation"/>
    <property name="user.language" value="pt"/>
    <property name="awt.toolkit" value="sun.awt.windows.WToolkit"/>
    <property name="java.vm.info" value="mixed mode, sharing"/>
    <property name="java.version" value="1.7.0_55"/>
    <property name="java.ext.dirs" value="C:\Arquivos de programas\Java\jre7\lib\ext;C:\WINDOWS\Sun\Java\lib\ext"/>
    <property name="sun.boot.class.path" value="C:\Arquivos de programas\Java\jre7\lib\resources.jar;C:\Arquivos de programas\Java\jre7\lib\rt.jar;C:\Arquivos de programas\Java\jre7\lib\sunrsasign.jar;C:\Arquivos de programas\Java\jre7\lib\jsse.jar;C:\Arquivos de programas\Java\jre7\lib\jce.jar;C:\Arquivos de programas\Java\jre7\lib\charsets.jar;C:\Arquivos de programas\Java\jre7\lib\jfr.jar;C:\Arquivos de programas\Java\jre7\classes"/>
    <property name="java.vendor" value="Oracle Corporation"/>
    <property name="maven.home" value="C:\Documents and Settings\Danillo\Meus documentos\Dropbox\UFG\workspace_java\projeto-sd-image-hosting-distributed\EMBEDDED"/>
    <property name="file.separator" value="\"/>
    <property name="java.vendor.url.bug" value="http://bugreport.sun.com/bugreport/"/>
    <property name="maven.bootclasspath" value="/C:/eclipse/configuration/org.eclipse.osgi/bundles/536/1/.cp/jars/plexus-classworlds-2.4.jar"/>
    <property name="sun.cpu.endian" value="little"/>
    <property name="sun.io.unicode.encoding" value="UnicodeLittle"/>
    <property name="sun.desktop" value="windows"/>
    <property name="sun.cpu.isalist" value="pentium_pro+mmx pentium_pro pentium+mmx pentium i486 i386 i86"/>
  </properties>
</testsuite>